<html>
<head>
<title>TestNG:  Default test</title>
<link href="../testng.css" rel="stylesheet" type="text/css" />
<link href="../my-testng.css" rel="stylesheet" type="text/css" />

<style type="text/css">
.log { display: none;} 
.stack-trace { display: none;} 
</style>
<script type="text/javascript">
<!--
function flip(e) {
  current = e.style.display;
  if (current == 'block') {
    e.style.display = 'none';
    return 0;
  }
  else {
    e.style.display = 'block';
    return 1;
  }
}

function toggleBox(szDivId, elem, msg1, msg2)
{
  var res = -1;  if (document.getElementById) {
    res = flip(document.getElementById(szDivId));
  }
  else if (document.all) {
    // this is the way old msie versions work
    res = flip(document.all[szDivId]);
  }
  if(elem) {
    if(res == 0) elem.innerHTML = msg1; else elem.innerHTML = msg2;
  }

}

function toggleAllBoxes() {
  if (document.getElementsByTagName) {
    d = document.getElementsByTagName('div');
    for (i = 0; i < d.length; i++) {
      if (d[i].className == 'log') {
        flip(d[i]);
      }
    }
  }
}

// -->
</script>

</head>
<body>
<h2 align='center'>Default test</h2><table border='1' align="center">
<tr>
<td>Tests passed/Failed/Skipped:</td><td>0/9/0</td>
</tr><tr>
<td>Started on:</td><td>Tue Nov 21 19:32:16 IST 2023</td>
</tr>
<tr><td>Total time:</td><td>44 seconds (44335 ms)</td>
</tr><tr>
<td>Included groups:</td><td></td>
</tr><tr>
<td>Excluded groups:</td><td></td>
</tr>
</table><p/>
<small><i>(Hover the method name to see the test class name)</i></small><p/>
<table width='100%' border='1' class='invocation-failed'>
<tr><td colspan='4' align='center'><b>FAILED TESTS</b></td></tr>
<tr><td><b>Test method</b></td>
<td><b>Attribute(s)</b></td>
<td width="30%"><b>Exception</b></td>
<td width="10%"><b>Time (seconds)</b></td>
<td><b>Instance</b></td>
</tr>
<tr>
<td title='com.runner.TestNGLogin.runScenario()'><b>runScenario</b><br>Test class: com.runner.TestNGLogin<br>Test method: Runs Cucumber Scenarios<br>Parameters: "user used to search cruise", "user is in cruise page in thomascook page"</td>
<td><div><pre>java.lang.NullPointerException: inStream parameter is null
	at java.base/java.util.Objects.requireNonNull(Objects.java:259)
	at java.base/java.util.Properties.load(Properties.java:408)
	at com.utility.utilityclass.data(utilityclass.java:31)
	at com.utility.utilityclass.&lt;init&gt;(utilityclass.java:19)
	at com.stepDefinitions.cruisePageStepDefinition.user_is_in_the_thomasCOOK_page(cruisePageStepDefinition.java:22)
	at ✽.user is in the ThomasCOOK page(file:///C:/Users/aaron/Downloads/BlackSquad_PilotProject%203/BlackSquad_PilotProject_1/Thomascook/src/test/resources/features/cruise.feature:3)
</pre></div><a href='#' onClick='toggleBox("stack-trace662000775", this, "Click to show all stack frames", "Click to hide stack frames")'>Click to show all stack frames</a>
<div class='stack-trace' id='stack-trace662000775'><pre>java.lang.NullPointerException: inStream parameter is null
	at java.base/java.util.Objects.requireNonNull(Objects.java:259)
	at java.base/java.util.Properties.load(Properties.java:408)
	at com.utility.utilityclass.data(utilityclass.java:31)
	at com.utility.utilityclass.&lt;init&gt;(utilityclass.java:19)
	at com.stepDefinitions.cruisePageStepDefinition.user_is_in_the_thomasCOOK_page(cruisePageStepDefinition.java:22)
	at ✽.user is in the ThomasCOOK page(file:///C:/Users/aaron/Downloads/BlackSquad_PilotProject%203/BlackSquad_PilotProject_1/Thomascook/src/test/resources/features/cruise.feature:3)
</pre></div></td>
<td>2</td>
<td>com.runner.TestNGLogin@b2c9a9c</td></tr>
<tr>
<td title='com.runner.TestNGLogin.runScenario()'><b>runScenario</b><br>Test class: com.runner.TestNGLogin<br>Test method: Runs Cucumber Scenarios<br>Parameters: "User selects a Europe Tour packages", "User Selects a Holiday category"</td>
<td><div><pre>java.lang.NullPointerException: inStream parameter is null
	at java.base/java.util.Objects.requireNonNull(Objects.java:259)
	at java.base/java.util.Properties.load(Properties.java:408)
	at com.utility.utilityclass.data(utilityclass.java:31)
	at com.utility.utilityclass.&lt;init&gt;(utilityclass.java:19)
	at com.stepDefinitions.holidayStepDefinition.i_want_to_select_a_holiday_category(holidayStepDefinition.java:17)
	at ✽.I want to select a Holiday category(file:///C:/Users/aaron/Downloads/BlackSquad_PilotProject%203/BlackSquad_PilotProject_1/Thomascook/src/test/resources/features/holiday.feature:6)
</pre></div><a href='#' onClick='toggleBox("stack-trace163015520", this, "Click to show all stack frames", "Click to hide stack frames")'>Click to show all stack frames</a>
<div class='stack-trace' id='stack-trace163015520'><pre>java.lang.NullPointerException: inStream parameter is null
	at java.base/java.util.Objects.requireNonNull(Objects.java:259)
	at java.base/java.util.Properties.load(Properties.java:408)
	at com.utility.utilityclass.data(utilityclass.java:31)
	at com.utility.utilityclass.&lt;init&gt;(utilityclass.java:19)
	at com.stepDefinitions.holidayStepDefinition.i_want_to_select_a_holiday_category(holidayStepDefinition.java:17)
	at ✽.I want to select a Holiday category(file:///C:/Users/aaron/Downloads/BlackSquad_PilotProject%203/BlackSquad_PilotProject_1/Thomascook/src/test/resources/features/holiday.feature:6)
</pre></div></td>
<td>2</td>
<td>com.runner.TestNGLogin@b2c9a9c</td></tr>
<tr>
<td title='com.runner.TestNGLogin.runScenario()'><b>runScenario</b><br>Test class: com.runner.TestNGLogin<br>Test method: Runs Cucumber Scenarios<br>Parameters: "Register user and get successful messege", "Register an user in thomascook application"</td>
<td><div><pre>java.lang.NullPointerException: inStream parameter is null
	at java.base/java.util.Objects.requireNonNull(Objects.java:259)
	at java.base/java.util.Properties.load(Properties.java:408)
	at com.utility.utilityclass.data(utilityclass.java:31)
	at com.utility.utilityclass.&lt;init&gt;(utilityclass.java:19)
	at com.stepDefinitions.registerPageStepDefinitions.user_is_on_thomascook_homepage(registerPageStepDefinitions.java:24)
	at ✽.user is on thomascook homepage(file:///C:/Users/aaron/Downloads/BlackSquad_PilotProject%203/BlackSquad_PilotProject_1/Thomascook/src/test/resources/features/register.feature:5)
</pre></div><a href='#' onClick='toggleBox("stack-trace1322057909", this, "Click to show all stack frames", "Click to hide stack frames")'>Click to show all stack frames</a>
<div class='stack-trace' id='stack-trace1322057909'><pre>java.lang.NullPointerException: inStream parameter is null
	at java.base/java.util.Objects.requireNonNull(Objects.java:259)
	at java.base/java.util.Properties.load(Properties.java:408)
	at com.utility.utilityclass.data(utilityclass.java:31)
	at com.utility.utilityclass.&lt;init&gt;(utilityclass.java:19)
	at com.stepDefinitions.registerPageStepDefinitions.user_is_on_thomascook_homepage(registerPageStepDefinitions.java:24)
	at ✽.user is on thomascook homepage(file:///C:/Users/aaron/Downloads/BlackSquad_PilotProject%203/BlackSquad_PilotProject_1/Thomascook/src/test/resources/features/register.feature:5)
</pre></div></td>
<td>1</td>
<td>com.runner.TestNGLogin@b2c9a9c</td></tr>
<tr>
<td title='com.runner.TestNGLogin.runScenario()'><b>runScenario</b><br>Test class: com.runner.TestNGLogin<br>Test method: Runs Cucumber Scenarios<br>Parameters: "User searches for their desired tour package", "Searching desired tour package"</td>
<td><div><pre>java.lang.NullPointerException: inStream parameter is null
	at java.base/java.util.Objects.requireNonNull(Objects.java:259)
	at java.base/java.util.Properties.load(Properties.java:408)
	at com.utility.utilityclass.data(utilityclass.java:31)
	at com.utility.utilityclass.&lt;init&gt;(utilityclass.java:19)
	at com.stepDefinitions.tourPackageStepDefinitions.user_is_on_thomascook_website(tourPackageStepDefinitions.java:23)
	at ✽.User Is On Thomascook website(file:///C:/Users/aaron/Downloads/BlackSquad_PilotProject%203/BlackSquad_PilotProject_1/Thomascook/src/test/resources/features/tourPackage.feature:3)
</pre></div><a href='#' onClick='toggleBox("stack-trace1073041213", this, "Click to show all stack frames", "Click to hide stack frames")'>Click to show all stack frames</a>
<div class='stack-trace' id='stack-trace1073041213'><pre>java.lang.NullPointerException: inStream parameter is null
	at java.base/java.util.Objects.requireNonNull(Objects.java:259)
	at java.base/java.util.Properties.load(Properties.java:408)
	at com.utility.utilityclass.data(utilityclass.java:31)
	at com.utility.utilityclass.&lt;init&gt;(utilityclass.java:19)
	at com.stepDefinitions.tourPackageStepDefinitions.user_is_on_thomascook_website(tourPackageStepDefinitions.java:23)
	at ✽.User Is On Thomascook website(file:///C:/Users/aaron/Downloads/BlackSquad_PilotProject%203/BlackSquad_PilotProject_1/Thomascook/src/test/resources/features/tourPackage.feature:3)
</pre></div></td>
<td>2</td>
<td>com.runner.TestNGLogin@b2c9a9c</td></tr>
<tr>
<td title='com.runner.TestNGLogin.runScenario()'><b>runScenario</b><br>Test class: com.runner.TestNGLogin<br>Test method: Runs Cucumber Scenarios<br>Parameters: "user navigates to the ThomasCook Loginpage", "User use to login the Thomascook Login page"</td>
<td><div><pre>java.lang.NullPointerException: inStream parameter is null
	at java.base/java.util.Objects.requireNonNull(Objects.java:259)
	at java.base/java.util.Properties.load(Properties.java:408)
	at com.utility.utilityclass.data(utilityclass.java:31)
	at com.utility.utilityclass.&lt;init&gt;(utilityclass.java:19)
	at com.stepDefinitions.loginStepdefinition.user_is_in_the_thomascook_page_from_login(loginStepdefinition.java:22)
	at ✽.user is in the Thomascook page from Login(file:///C:/Users/aaron/Downloads/BlackSquad_PilotProject%203/BlackSquad_PilotProject_1/Thomascook/src/test/resources/features/zlogin.feature:5)
</pre></div><a href='#' onClick='toggleBox("stack-trace178019189", this, "Click to show all stack frames", "Click to hide stack frames")'>Click to show all stack frames</a>
<div class='stack-trace' id='stack-trace178019189'><pre>java.lang.NullPointerException: inStream parameter is null
	at java.base/java.util.Objects.requireNonNull(Objects.java:259)
	at java.base/java.util.Properties.load(Properties.java:408)
	at com.utility.utilityclass.data(utilityclass.java:31)
	at com.utility.utilityclass.&lt;init&gt;(utilityclass.java:19)
	at com.stepDefinitions.loginStepdefinition.user_is_in_the_thomascook_page_from_login(loginStepdefinition.java:22)
	at ✽.user is in the Thomascook page from Login(file:///C:/Users/aaron/Downloads/BlackSquad_PilotProject%203/BlackSquad_PilotProject_1/Thomascook/src/test/resources/features/zlogin.feature:5)
</pre></div></td>
<td>2</td>
<td>com.runner.TestNGLogin@b2c9a9c</td></tr>
<tr>
<td title='com.runner.TestNGLogin.runScenario()'><b>runScenario</b><br>Test class: com.runner.TestNGLogin<br>Test method: Runs Cucumber Scenarios<br>Parameters: "cusomer wants to book the flight", "Customer user to search flight in Thomascook page"</td>
<td><div><pre>java.lang.NullPointerException: inStream parameter is null
	at java.base/java.util.Objects.requireNonNull(Objects.java:259)
	at java.base/java.util.Properties.load(Properties.java:408)
	at com.utility.utilityclass.data(utilityclass.java:31)
	at com.utility.utilityclass.&lt;init&gt;(utilityclass.java:19)
	at com.stepDefinitions.flightStepdefinition.customer_is_on_thomascook_page(flightStepdefinition.java:19)
	at ✽.customer is on thomascook page.(file:///C:/Users/aaron/Downloads/BlackSquad_PilotProject%203/BlackSquad_PilotProject_1/Thomascook/src/test/resources/features/flight.feature:5)
</pre></div><a href='#' onClick='toggleBox("stack-trace1616257837", this, "Click to show all stack frames", "Click to hide stack frames")'>Click to show all stack frames</a>
<div class='stack-trace' id='stack-trace1616257837'><pre>java.lang.NullPointerException: inStream parameter is null
	at java.base/java.util.Objects.requireNonNull(Objects.java:259)
	at java.base/java.util.Properties.load(Properties.java:408)
	at com.utility.utilityclass.data(utilityclass.java:31)
	at com.utility.utilityclass.&lt;init&gt;(utilityclass.java:19)
	at com.stepDefinitions.flightStepdefinition.customer_is_on_thomascook_page(flightStepdefinition.java:19)
	at ✽.customer is on thomascook page.(file:///C:/Users/aaron/Downloads/BlackSquad_PilotProject%203/BlackSquad_PilotProject_1/Thomascook/src/test/resources/features/flight.feature:5)
</pre></div></td>
<td>2</td>
<td>com.runner.TestNGLogin@b2c9a9c</td></tr>
<tr>
<td title='com.runner.TestNGLogin.runScenario()'><b>runScenario</b><br>Test class: com.runner.TestNGLogin<br>Test method: Runs Cucumber Scenarios<br>Parameters: "", "User use to login the Thomascook Login page"</td>
<td><div><pre>java.lang.NullPointerException: inStream parameter is null
	at java.base/java.util.Objects.requireNonNull(Objects.java:259)
	at java.base/java.util.Properties.load(Properties.java:408)
	at com.utility.utilityclass.data(utilityclass.java:31)
	at com.utility.utilityclass.&lt;init&gt;(utilityclass.java:19)
	at com.stepDefinitions.loginStepdefinition.user_enters_the_invalid_email(loginStepdefinition.java:71)
	at ✽.user enters the Invalid email(file:///C:/Users/aaron/Downloads/BlackSquad_PilotProject%203/BlackSquad_PilotProject_1/Thomascook/src/test/resources/features/zlogin.feature:17)
</pre></div><a href='#' onClick='toggleBox("stack-trace1108651663", this, "Click to show all stack frames", "Click to hide stack frames")'>Click to show all stack frames</a>
<div class='stack-trace' id='stack-trace1108651663'><pre>java.lang.NullPointerException: inStream parameter is null
	at java.base/java.util.Objects.requireNonNull(Objects.java:259)
	at java.base/java.util.Properties.load(Properties.java:408)
	at com.utility.utilityclass.data(utilityclass.java:31)
	at com.utility.utilityclass.&lt;init&gt;(utilityclass.java:19)
	at com.stepDefinitions.loginStepdefinition.user_enters_the_invalid_email(loginStepdefinition.java:71)
	at ✽.user enters the Invalid email(file:///C:/Users/aaron/Downloads/BlackSquad_PilotProject%203/BlackSquad_PilotProject_1/Thomascook/src/test/resources/features/zlogin.feature:17)
</pre></div></td>
<td>20</td>
<td>com.runner.TestNGLogin@b2c9a9c</td></tr>
<tr>
<td title='com.runner.TestNGLogin.runScenario()'><b>runScenario</b><br>Test class: com.runner.TestNGLogin<br>Test method: Runs Cucumber Scenarios<br>Parameters: "User wants to know about ThomasCook Website", "To get information about ThomasCook"</td>
<td><div><pre>java.lang.NullPointerException: inStream parameter is null
	at java.base/java.util.Objects.requireNonNull(Objects.java:259)
	at java.base/java.util.Properties.load(Properties.java:408)
	at com.utility.utilityclass.data(utilityclass.java:31)
	at com.utility.utilityclass.&lt;init&gt;(utilityclass.java:19)
	at com.stepDefinitions.aboutPageStepDefinitions.user_is_on_thomascook_webpage(aboutPageStepDefinitions.java:17)
	at ✽.USER IS ON THOMASCOOK WEBPAGE(file:///C:/Users/aaron/Downloads/BlackSquad_PilotProject%203/BlackSquad_PilotProject_1/Thomascook/src/test/resources/features/aboutus.feature:3)
</pre></div><a href='#' onClick='toggleBox("stack-trace1829883631", this, "Click to show all stack frames", "Click to hide stack frames")'>Click to show all stack frames</a>
<div class='stack-trace' id='stack-trace1829883631'><pre>java.lang.NullPointerException: inStream parameter is null
	at java.base/java.util.Objects.requireNonNull(Objects.java:259)
	at java.base/java.util.Properties.load(Properties.java:408)
	at com.utility.utilityclass.data(utilityclass.java:31)
	at com.utility.utilityclass.&lt;init&gt;(utilityclass.java:19)
	at com.stepDefinitions.aboutPageStepDefinitions.user_is_on_thomascook_webpage(aboutPageStepDefinitions.java:17)
	at ✽.USER IS ON THOMASCOOK WEBPAGE(file:///C:/Users/aaron/Downloads/BlackSquad_PilotProject%203/BlackSquad_PilotProject_1/Thomascook/src/test/resources/features/aboutus.feature:3)
</pre></div></td>
<td>2</td>
<td>com.runner.TestNGLogin@b2c9a9c</td></tr>
<tr>
<td title='com.runner.TestNGLogin.runScenario()'><b>runScenario</b><br>Test class: com.runner.TestNGLogin<br>Test method: Runs Cucumber Scenarios<br>Parameters: "User edits their  mobile number", "Editing a mobile number"</td>
<td><div><pre>io.cucumber.core.exception.CucumberException: Failed to instantiate class com.stepDefinitions.mobileUpdateStepDefinition
	at io.cucumber.core.backend.DefaultObjectFactory.cacheNewInstance(DefaultObjectFactory.java:67)
	at io.cucumber.core.backend.DefaultObjectFactory.getInstance(DefaultObjectFactory.java:45)
	at io.cucumber.java.AbstractGlueDefinition.invokeMethod(AbstractGlueDefinition.java:47)
	at io.cucumber.java.JavaStepDefinition.execute(JavaStepDefinition.java:29)
	at io.cucumber.core.runner.CoreStepDefinition.execute(CoreStepDefinition.java:66)
	at io.cucumber.core.runner.PickleStepDefinitionMatch.runStep(PickleStepDefinitionMatch.java:63)
	at io.cucumber.core.runner.ExecutionMode$1.execute(ExecutionMode.java:10)
	at io.cucumber.core.runner.TestStep.executeStep(TestStep.java:84)
	at io.cucumber.core.runner.TestStep.run(TestStep.java:56)
	at io.cucumber.core.runner.PickleStepTestStep.run(PickleStepTestStep.java:51)
	at io.cucumber.core.runner.TestCase.run(TestCase.java:84)
	at io.cucumber.core.runner.Runner.runPickle(Runner.java:75)
	at io.cucumber.testng.TestNGCucumberRunner.lambda$runScenario$1(TestNGCucumberRunner.java:132)
	at io.cucumber.core.runtime.CucumberExecutionContext.lambda$runTestCase$5(CucumberExecutionContext.java:137)
	at io.cucumber.core.runtime.RethrowingThrowableCollector.executeAndThrow(RethrowingThrowableCollector.java:23)
	at io.cucumber.core.runtime.CucumberExecutionContext.runTestCase(CucumberExecutionContext.java:137)
	at io.cucumber.testng.TestNGCucumberRunner.runScenario(TestNGCucumberRunner.java:129)
	at io.cucumber.testng.AbstractTestNGCucumberTests.runScenario(AbstractTestNGCucumberTests.java:35)
	at java.base/jdk.internal.reflect.DirectMethodHandleAccessor.invoke(DirectMethodHandleAccessor.java:104)
	at java.base/java.lang.reflect.Method.invoke(Method.java:578)
	at org.testng.internal.invokers.MethodInvocationHelper.invokeMethod(MethodInvocationHelper.java:139)
	at org.testng.internal.invokers.TestInvoker.invokeMethod(TestInvoker.java:664)
	at org.testng.internal.invokers.TestInvoker.invokeTestMethod(TestInvoker.java:227)
	at org.testng.internal.invokers.MethodRunner.runInSequence(MethodRunner.java:50)
	at org.testng.internal.invokers.TestInvoker$MethodInvocationAgent.invoke(TestInvoker.java:957)
	at org.testng.internal.invokers.TestInvoker.invokeTestMethods(TestInvoker.java:200)
	at org.testng.internal.invokers.TestMethodWorker.invokeTestMethods(TestMethodWorker.java:148)
	at org.testng.internal.invokers.TestMethodWorker.run(TestMethodWorker.java:128)
	at java.base/java.util.ArrayList.forEach(ArrayList.java:1511)
	at org.testng.TestRunner.privateRun(TestRunner.java:848)
	at org.testng.TestRunner.run(TestRunner.java:621)
	at org.testng.SuiteRunner.runTest(SuiteRunner.java:443)
	at org.testng.SuiteRunner.runSequentially(SuiteRunner.java:437)
	at org.testng.SuiteRunner.privateRun(SuiteRunner.java:397)
	at org.testng.SuiteRunner.run(SuiteRunner.java:336)
	at org.testng.SuiteRunnerWorker.runSuite(SuiteRunnerWorker.java:52)
	at org.testng.SuiteRunnerWorker.run(SuiteRunnerWorker.java:95)
	at org.testng.TestNG.runSuitesSequentially(TestNG.java:1280)
	at org.testng.TestNG.runSuitesLocally(TestNG.java:1200)
	at org.testng.TestNG.runSuites(TestNG.java:1114)
	at org.testng.TestNG.run(TestNG.java:1082)
	at org.testng.remote.AbstractRemoteTestNG.run(AbstractRemoteTestNG.java:115)
	at org.testng.remote.RemoteTestNG.initAndRun(RemoteTestNG.java:251)
	at org.testng.remote.RemoteTestNG.main(RemoteTestNG.java:77)
Caused by: java.lang.reflect.InvocationTargetException
	at java.base/jdk.internal.reflect.DirectConstructorHandleAccessor.newInstance(DirectConstructorHandleAccessor.java:77)
	at java.base/java.lang.reflect.Constructor.newInstanceWithCaller(Constructor.java:500)
	at java.base/java.lang.reflect.Constructor.newInstance(Constructor.java:484)
	at io.cucumber.core.backend.DefaultObjectFactory.cacheNewInstance(DefaultObjectFactory.java:53)
	... 43 more
Caused by: java.lang.NullPointerException: inStream parameter is null
	at java.base/java.util.Objects.requireNonNull(Objects.java:259)
	at java.base/java.util.Properties.load(Properties.java:408)
	at com.utility.utilityclass.data(utilityclass.java:31)
	at com.utility.utilityclass.&lt;init&gt;(utilityclass.java:19)
	at com.stepDefinitions.mobileUpdateStepDefinition.&lt;init&gt;(mobileUpdateStepDefinition.java:21)
	at java.base/jdk.internal.reflect.DirectConstructorHandleAccessor.newInstance(DirectConstructorHandleAccessor.java:67)
	... 46 more
</pre></div><a href='#' onClick='toggleBox("stack-trace18459190", this, "Click to show all stack frames", "Click to hide stack frames")'>Click to show all stack frames</a>
<div class='stack-trace' id='stack-trace18459190'><pre>io.cucumber.core.exception.CucumberException: Failed to instantiate class com.stepDefinitions.mobileUpdateStepDefinition
	at io.cucumber.core.backend.DefaultObjectFactory.cacheNewInstance(DefaultObjectFactory.java:67)
	at io.cucumber.core.backend.DefaultObjectFactory.getInstance(DefaultObjectFactory.java:45)
	at io.cucumber.java.AbstractGlueDefinition.invokeMethod(AbstractGlueDefinition.java:47)
	at io.cucumber.java.JavaStepDefinition.execute(JavaStepDefinition.java:29)
	at io.cucumber.core.runner.CoreStepDefinition.execute(CoreStepDefinition.java:66)
	at io.cucumber.core.runner.PickleStepDefinitionMatch.runStep(PickleStepDefinitionMatch.java:63)
	at io.cucumber.core.runner.ExecutionMode$1.execute(ExecutionMode.java:10)
	at io.cucumber.core.runner.TestStep.executeStep(TestStep.java:84)
	at io.cucumber.core.runner.TestStep.run(TestStep.java:56)
	at io.cucumber.core.runner.PickleStepTestStep.run(PickleStepTestStep.java:51)
	at io.cucumber.core.runner.TestCase.run(TestCase.java:84)
	at io.cucumber.core.runner.Runner.runPickle(Runner.java:75)
	at io.cucumber.testng.TestNGCucumberRunner.lambda$runScenario$1(TestNGCucumberRunner.java:132)
	at io.cucumber.core.runtime.CucumberExecutionContext.lambda$runTestCase$5(CucumberExecutionContext.java:137)
	at io.cucumber.core.runtime.RethrowingThrowableCollector.executeAndThrow(RethrowingThrowableCollector.java:23)
	at io.cucumber.core.runtime.CucumberExecutionContext.runTestCase(CucumberExecutionContext.java:137)
	at io.cucumber.testng.TestNGCucumberRunner.runScenario(TestNGCucumberRunner.java:129)
	at io.cucumber.testng.AbstractTestNGCucumberTests.runScenario(AbstractTestNGCucumberTests.java:35)
	at java.base/jdk.internal.reflect.DirectMethodHandleAccessor.invoke(DirectMethodHandleAccessor.java:104)
	at java.base/java.lang.reflect.Method.invoke(Method.java:578)
	at org.testng.internal.invokers.MethodInvocationHelper.invokeMethod(MethodInvocationHelper.java:139)
	at org.testng.internal.invokers.TestInvoker.invokeMethod(TestInvoker.java:664)
	at org.testng.internal.invokers.TestInvoker.invokeTestMethod(TestInvoker.java:227)
	at org.testng.internal.invokers.MethodRunner.runInSequence(MethodRunner.java:50)
	at org.testng.internal.invokers.TestInvoker$MethodInvocationAgent.invoke(TestInvoker.java:957)
	at org.testng.internal.invokers.TestInvoker.invokeTestMethods(TestInvoker.java:200)
	at org.testng.internal.invokers.TestMethodWorker.invokeTestMethods(TestMethodWorker.java:148)
	at org.testng.internal.invokers.TestMethodWorker.run(TestMethodWorker.java:128)
	at java.base/java.util.ArrayList.forEach(ArrayList.java:1511)
	at org.testng.TestRunner.privateRun(TestRunner.java:848)
	at org.testng.TestRunner.run(TestRunner.java:621)
	at org.testng.SuiteRunner.runTest(SuiteRunner.java:443)
	at org.testng.SuiteRunner.runSequentially(SuiteRunner.java:437)
	at org.testng.SuiteRunner.privateRun(SuiteRunner.java:397)
	at org.testng.SuiteRunner.run(SuiteRunner.java:336)
	at org.testng.SuiteRunnerWorker.runSuite(SuiteRunnerWorker.java:52)
	at org.testng.SuiteRunnerWorker.run(SuiteRunnerWorker.java:95)
	at org.testng.TestNG.runSuitesSequentially(TestNG.java:1280)
	at org.testng.TestNG.runSuitesLocally(TestNG.java:1200)
	at org.testng.TestNG.runSuites(TestNG.java:1114)
	at org.testng.TestNG.run(TestNG.java:1082)
	at org.testng.remote.AbstractRemoteTestNG.run(AbstractRemoteTestNG.java:115)
	at org.testng.remote.RemoteTestNG.initAndRun(RemoteTestNG.java:251)
	at org.testng.remote.RemoteTestNG.main(RemoteTestNG.java:77)
Caused by: java.lang.reflect.InvocationTargetException
	at java.base/jdk.internal.reflect.DirectConstructorHandleAccessor.newInstance(DirectConstructorHandleAccessor.java:77)
	at java.base/java.lang.reflect.Constructor.newInstanceWithCaller(Constructor.java:500)
	at java.base/java.lang.reflect.Constructor.newInstance(Constructor.java:484)
	at io.cucumber.core.backend.DefaultObjectFactory.cacheNewInstance(DefaultObjectFactory.java:53)
	... 43 more
Caused by: java.lang.NullPointerException: inStream parameter is null
	at java.base/java.util.Objects.requireNonNull(Objects.java:259)
	at java.base/java.util.Properties.load(Properties.java:408)
	at com.utility.utilityclass.data(utilityclass.java:31)
	at com.utility.utilityclass.&lt;init&gt;(utilityclass.java:19)
	at com.stepDefinitions.mobileUpdateStepDefinition.&lt;init&gt;(mobileUpdateStepDefinition.java:21)
	at java.base/jdk.internal.reflect.DirectConstructorHandleAccessor.newInstance(DirectConstructorHandleAccessor.java:67)
	... 46 more
</pre></div></td>
<td>7</td>
<td>com.runner.TestNGLogin@b2c9a9c</td></tr>
</table><p>
</body>
</html>